<?xml version="1.0" encoding="UTF-8"?>
<!-- Generated by org.testng.reporters.JUnitReportReporter -->
<testsuite hostname="iqbal" name="test.MyFirstWebDriverTest" tests="1" failures="0" timestamp="24 Jun 2016 22:12:58 GMT" time="32.194" errors="0">
  <testcase name="testMyFirstWebDriver" time="32.194" classname="test.MyFirstWebDriverTest"/>
</testsuite> <!-- test.MyFirstWebDriverTest -->
